Arguments: 
  /usr/local/bin/node /usr/local/bin/yarn add bangumi-data@0.3.69

PATH: 
  /Users/zhenyu/anaconda3/bin:/Library/Frameworks/Python.framework/Versions/3.7/bin:/usr/local/bin:/usr/bin:/bin:/usr/sbin:/sbin:/usr/local/go/bin:/Library/Apple/usr/bin:/Users/zhenyu/Library/Android/sdk/tools:/Users/zhenyu/Library/Android/sdk/tools/bin:/Users/zhenyu/Library/Android/sdk/platform-tools:/Users/zhenyu/Library/Android/sdk/emulator

Yarn version: 
  1.16.0

Node version: 
  12.18.3

Platform: 
  darwin x64

Trace: 
  Error: EACCES: permission denied, unlink '/Users/zhenyu/Desktop/Bangumi/Bangumi-Static/node_modules/bl/node_modules/readable-stream/LICENSE'

npm manifest: 
  {
    "scripts": {
      "discovery": "node src/discovery/index.js",
      "d": "node src/discovery/index.js",
      "discovery:open": "open data/discovery",
      "do": "open data/discovery",
      "bangumi:items": "node src/bangumi-data/items.js",
      "bangumi:min": "node src/bangumi-data/min.js",
      "manhua:detail": "node src/manhuadb/detail.js",
      "manhua:match": "node src/manhuadb/auto-matched.js",
      "manhua:manga": "node src/manhuadb/manga.js",
      "manhua:min": "node src/manhuadb/min.js",
      "manhua:tags": "node src/manhuadb/tags.js",
      "manhua:ids": "node src/manhuadb/ids.js",
      "manhua:fixed": "node src/manhuadb/fixed.js",
      "manhua:update": "node src/manhuadb/update.js",
      "manhua:app": "node src/manhuadb/app-fallback.js",
      "age": "node src/agefans/raw.js",
      "age:anime": "node src/agefans/anime.js",
      "age:official": "node src/agefans/official.js",
      "age:min": "node src/agefans/min.js",
      "age:update": "node src/agefans/update.js",
      "age:app": "node src/agefans/app-fallback.js",
      "wk8": "node src/wk8/wenku.js",
      "wk8:min": "node src/wk8/min.js",
      "wk8:fixed": "node src/wk8/fixed.js",
      "wk8:author": "node src/wk8/author.js",
      "wk8:cate": "node src/wk8/cate.js",
      "wk8:app": "node src/wk8/app-fallback.js",
      "h": "node src/h/raw.js",
      "h:list": "node src/h/list.js",
      "h:detail": "node src/h/detail.js",
      "h:search": "node src/h/search.js",
      "h:min": "node src/h/min.js"
    },
    "dependencies": {
      "axios": "^0.19.2",
      "bangumi-data": "0.3.65",
      "cheerio-without-node-native": "0.20.2",
      "cn-chars": "^0.1.1",
      "copy-paste": "^1.3.0",
      "got": "^11.5.1",
      "iconv-lite": "^0.6.2",
      "mute-stream": "^0.0.8",
      "opn": "^6.0.0",
      "ora": "^5.0.0",
      "terminal-image": "^1.2.0"
    }
  }

yarn manifest: 
  No manifest

Lockfile: 
  No lockfile
